<?xml version="1.0" encoding="UTF-8"?>
<testsuite name="com.globallogic.evaluacion.service.UserServiceImplTest" tests="3" skipped="0" failures="0" errors="0" timestamp="2023-11-11T16:39:55" hostname="DESKTOP-QVH4SV9" time="0.991">
  <properties/>
  <testcase name="createJwtToken()" classname="com.globallogic.evaluacion.service.UserServiceImplTest" time="0.974"/>
  <testcase name="listar()" classname="com.globallogic.evaluacion.service.UserServiceImplTest" time="0.007"/>
  <testcase name="createUser()" classname="com.globallogic.evaluacion.service.UserServiceImplTest" time="0.006"/>
  <system-out><![CDATA[]]></system-out>
  <system-err><![CDATA[]]></system-err>
</testsuite>
