<?xml version="1.0" encoding="UTF-8"?>
<testsuite name="com.globallogic.evaluacion.service.UserServiceImplTest" tests="3" skipped="0" failures="0" errors="0" timestamp="2023-11-20T01:55:36" hostname="DESKTOP-QVH4SV9" time="0.748">
  <properties/>
  <testcase name="createJwtToken()" classname="com.globallogic.evaluacion.service.UserServiceImplTest" time="0.74"/>
  <testcase name="listar()" classname="com.globallogic.evaluacion.service.UserServiceImplTest" time="0.003"/>
  <testcase name="createUser()" classname="com.globallogic.evaluacion.service.UserServiceImplTest" time="0.002"/>
  <system-out><![CDATA[]]></system-out>
  <system-err><![CDATA[]]></system-err>
</testsuite>
